<?xml version="1.0" encoding="UTF-8"?>
<!-- Generated by org.testng.reporters.JUnitXMLReporter -->
<testsuite ignored="0" hostname="Anandus-MacBook-Air.local" failures="0" tests="2" name="Default test" time="99.234" errors="0" timestamp="2022-11-03T13:09:12 GMT">
  <testcase classname="io.cucumber.testng.AbstractTestNGCucumberTests" name="runScenario" time="61.011"/>
  <testcase classname="io.cucumber.testng.AbstractTestNGCucumberTests" name="runScenario" time="37.219"/>
</testsuite> <!-- Default test -->
