<?xml version="1.0" encoding="UTF-8"?>
<testng-results ignored="0" total="2" passed="2" failed="0" skipped="0">
  <reporter-output>
  </reporter-output>
  <suite started-at="2022-11-03T13:07:33 GMT" name="Default suite" finished-at="2022-11-03T13:09:12 GMT" duration-ms="99234">
    <groups>
      <group name="cucumber">
        <method signature="AbstractTestNGCucumberTests.runScenario(io.cucumber.testng.PickleWrapper,io.cucumber.testng.FeatureWrapper)[pri:0, instance:cucumberOptions.TestNGTestRunner@783a467b]" name="runScenario" class="io.cucumber.testng.AbstractTestNGCucumberTests"/>
      </group> <!-- cucumber -->
    </groups>
    <test started-at="2022-11-03T13:07:33 GMT" name="Default test" finished-at="2022-11-03T13:09:12 GMT" duration-ms="99234">
      <class name="cucumberOptions.TestNGTestRunner">
        <test-method is-config="true" signature="setUpClass()[pri:0, instance:cucumberOptions.TestNGTestRunner@783a467b]" started-at="2022-11-03T13:07:33 GMT" name="setUpClass" finished-at="2022-11-03T13:07:34 GMT" duration-ms="753" status="PASS">
          <reporter-output>
          </reporter-output>
        </test-method> <!-- setUpClass -->
        <test-method signature="runScenario(io.cucumber.testng.PickleWrapper,io.cucumber.testng.FeatureWrapper)[pri:0, instance:cucumberOptions.TestNGTestRunner@783a467b]" started-at="2022-11-03T13:07:34 GMT" name="runScenario" description="Runs Cucumber Scenarios" data-provider="scenarios" finished-at="2022-11-03T13:08:35 GMT" duration-ms="61011" status="PASS">
          <params>
            <param index="0">
              <value>
                <![CDATA["Verify if a registered user can view and add the comments of a Top News in BBC News web Application"]]>
              </value>
            </param>
            <param index="1">
              <value>
                <![CDATA["Optional[Verify the viewing of comments in BBC News Web Application]"]]>
              </value>
            </param>
          </params>
          <reporter-output>
          </reporter-output>
        </test-method> <!-- runScenario -->
        <test-method signature="runScenario(io.cucumber.testng.PickleWrapper,io.cucumber.testng.FeatureWrapper)[pri:0, instance:cucumberOptions.TestNGTestRunner@783a467b]" started-at="2022-11-03T13:08:35 GMT" name="runScenario" description="Runs Cucumber Scenarios" data-provider="scenarios" finished-at="2022-11-03T13:09:12 GMT" duration-ms="37219" status="PASS">
          <params>
            <param index="0">
              <value>
                <![CDATA["Verify if the User is prompted to sign in to comment on the Top News story in the BBC News Application"]]>
              </value>
            </param>
            <param index="1">
              <value>
                <![CDATA["Optional[Verify the viewing of comments in BBC News Web Application]"]]>
              </value>
            </param>
          </params>
          <reporter-output>
          </reporter-output>
        </test-method> <!-- runScenario -->
        <test-method is-config="true" signature="tearDownClass()[pri:0, instance:cucumberOptions.TestNGTestRunner@783a467b]" started-at="2022-11-03T13:09:12 GMT" name="tearDownClass" finished-at="2022-11-03T13:09:12 GMT" duration-ms="166" status="PASS">
          <reporter-output>
          </reporter-output>
        </test-method> <!-- tearDownClass -->
      </class> <!-- cucumberOptions.TestNGTestRunner -->
    </test> <!-- Default test -->
  </suite> <!-- Default suite -->
</testng-results>
