<?xml version="1.0" encoding="UTF-8"?>
<testng-results skipped="0" failed="0" ignored="0" total="1" passed="1">
  <reporter-output>
  </reporter-output>
  <suite name="Suite" duration-ms="30113" started-at="2022-10-31T01:54:08 GMT" finished-at="2022-10-31T01:54:38 GMT">
    <groups>
    </groups>
    <test name="Test" duration-ms="30113" started-at="2022-10-31T01:54:08 GMT" finished-at="2022-10-31T01:54:38 GMT">
      <class name="BBC_Assignment.BBC_News.Comments">
        <test-method status="PASS" signature="Verifycomments()[pri:0, instance:BBC_Assignment.BBC_News.Comments@6fc6f14e]" name="Verifycomments" duration-ms="30058" started-at="2022-10-31T01:54:08 GMT" finished-at="2022-10-31T01:54:38 GMT">
          <reporter-output>
          </reporter-output>
        </test-method> <!-- Verifycomments -->
      </class> <!-- BBC_Assignment.BBC_News.Comments -->
    </test> <!-- Test -->
  </suite> <!-- Suite -->
</testng-results>
