<?xml version="1.0" encoding="UTF-8"?>
<testng-results ignored="0" total="2" passed="2" failed="0" skipped="0">
  <reporter-output>
  </reporter-output>
  <suite started-at="2022-11-10T11:33:51 GMT" name="Default suite" finished-at="2022-11-10T11:35:01 GMT" duration-ms="70346">
    <groups>
      <group name="cucumber">
        <method signature="AbstractTestNGCucumberTests.runScenario(io.cucumber.testng.PickleWrapper,io.cucumber.testng.FeatureWrapper)[pri:0, instance:cucumberOptions.testRunner@783a467b]" name="runScenario" class="io.cucumber.testng.AbstractTestNGCucumberTests"/>
      </group> <!-- cucumber -->
    </groups>
    <test started-at="2022-11-10T11:33:51 GMT" name="Default test" finished-at="2022-11-10T11:35:01 GMT" duration-ms="70346">
      <class name="cucumberOptions.testRunner">
        <test-method is-config="true" signature="setUpClass()[pri:0, instance:cucumberOptions.testRunner@783a467b]" started-at="2022-11-10T11:33:51 GMT" name="setUpClass" finished-at="2022-11-10T11:33:51 GMT" duration-ms="494" status="PASS">
          <reporter-output>
          </reporter-output>
        </test-method> <!-- setUpClass -->
        <test-method signature="runScenario(io.cucumber.testng.PickleWrapper,io.cucumber.testng.FeatureWrapper)[pri:0, instance:cucumberOptions.testRunner@783a467b]" started-at="2022-11-10T11:33:51 GMT" name="runScenario" description="Runs Cucumber Scenarios" data-provider="scenarios" finished-at="2022-11-10T11:34:43 GMT" duration-ms="51841" status="PASS">
          <params>
            <param index="0">
              <value>
                <![CDATA["Verify if the User is prompted to sign in to comment on the Top News story in the BBC News Application"]]>
              </value>
            </param>
            <param index="1">
              <value>
                <![CDATA["Optional[Verify the viewing of comments in BBC News Web Application]"]]>
              </value>
            </param>
          </params>
          <reporter-output>
          </reporter-output>
        </test-method> <!-- runScenario -->
        <test-method signature="runScenario(io.cucumber.testng.PickleWrapper,io.cucumber.testng.FeatureWrapper)[pri:0, instance:cucumberOptions.testRunner@783a467b]" started-at="2022-11-10T11:33:51 GMT" name="runScenario" description="Runs Cucumber Scenarios" data-provider="scenarios" finished-at="2022-11-10T11:35:01 GMT" duration-ms="69783" status="PASS">
          <params>
            <param index="0">
              <value>
                <![CDATA["Verify if a registered user can view the comments of a Top News in BBC News web Application"]]>
              </value>
            </param>
            <param index="1">
              <value>
                <![CDATA["Optional[Verify the viewing of comments in BBC News Web Application]"]]>
              </value>
            </param>
          </params>
          <reporter-output>
          </reporter-output>
        </test-method> <!-- runScenario -->
        <test-method is-config="true" signature="tearDownClass()[pri:0, instance:cucumberOptions.testRunner@783a467b]" started-at="2022-11-10T11:35:01 GMT" name="tearDownClass" finished-at="2022-11-10T11:35:01 GMT" duration-ms="12" status="PASS">
          <reporter-output>
          </reporter-output>
        </test-method> <!-- tearDownClass -->
      </class> <!-- cucumberOptions.testRunner -->
    </test> <!-- Default test -->
  </suite> <!-- Default suite -->
</testng-results>
