<?xml version="1.0" encoding="UTF-8"?>
<!-- Generated by org.testng.reporters.JUnitXMLReporter -->
<testsuite ignored="0" hostname="Anandus-MacBook-Air.local" failures="0" tests="2" name="Default test" time="70.346" errors="0" timestamp="2022-11-10T11:35:01 GMT">
  <testcase classname="io.cucumber.testng.AbstractTestNGCucumberTests" name="runScenario" time="51.841"/>
  <testcase classname="io.cucumber.testng.AbstractTestNGCucumberTests" name="runScenario" time="69.783"/>
</testsuite> <!-- Default test -->
